2013-11-10 12:13:43,398 [main] INFO  carpool.common.DebugLog - No value specified for parameter 36
2013-11-10 12:13:43,474 [main] INFO  carpool.common.DebugLog - No value specified for parameter 36
2013-11-10 12:13:43,708 [main] INFO  carpool.common.DebugLog - No value specified for parameter 36
2013-11-10 12:13:43,922 [main] INFO  carpool.common.DebugLog - No value specified for parameter 36
2013-11-10 12:13:43,936 [main] INFO  carpool.common.DebugLog - Table 'test.transaction' doesn't exist
2013-11-10 12:13:44,159 [main] INFO  carpool.common.DebugLog - No value specified for parameter 36
2013-11-10 12:13:44,162 [main] INFO  carpool.common.DebugLog - No value specified for parameter 36
2013-11-10 12:13:44,172 [main] INFO  carpool.common.DebugLog - No value specified for parameter 36
2013-11-10 12:13:44,177 [main] INFO  carpool.common.DebugLog - No value specified for parameter 36
2013-11-10 12:13:44,232 [main] INFO  carpool.common.DebugLog - No value specified for parameter 36
2013-11-10 12:13:44,304 [main] INFO  carpool.common.DebugLog - No value specified for parameter 36
2013-11-10 12:13:44,307 [main] INFO  carpool.common.DebugLog - No value specified for parameter 36
2013-11-10 12:13:44,309 [main] INFO  carpool.common.DebugLog - No value specified for parameter 36
2013-11-10 12:13:44,312 [main] INFO  carpool.common.DebugLog - No value specified for parameter 36
2013-11-10 12:13:44,314 [main] INFO  carpool.common.DebugLog - No value specified for parameter 36
2013-11-10 12:13:44,317 [main] INFO  carpool.common.DebugLog - No value specified for parameter 36
2013-11-10 12:13:44,319 [main] INFO  carpool.common.DebugLog - No value specified for parameter 36
2013-11-10 12:13:44,323 [main] INFO  carpool.common.DebugLog - No value specified for parameter 36
2013-11-10 12:13:44,325 [main] INFO  carpool.common.DebugLog - No value specified for parameter 36
2013-11-10 12:13:44,328 [main] INFO  carpool.common.DebugLog - No value specified for parameter 36
2013-11-10 12:16:25,590 [main] INFO  carpool.common.DebugLog - No value specified for parameter 36
2013-11-10 12:16:25,623 [main] INFO  carpool.common.DebugLog - No value specified for parameter 36
2013-11-10 12:16:25,717 [main] INFO  carpool.common.DebugLog - No value specified for parameter 36
2013-11-10 12:16:25,828 [main] INFO  carpool.common.DebugLog - No value specified for parameter 36
2013-11-10 12:16:25,832 [main] INFO  carpool.common.DebugLog - Unknown column 'initUserId' in 'where clause'
2013-11-10 12:16:25,883 [main] INFO  carpool.common.DebugLog - No value specified for parameter 36
2013-11-10 12:16:25,885 [main] INFO  carpool.common.DebugLog - No value specified for parameter 36
2013-11-10 12:16:25,889 [main] INFO  carpool.common.DebugLog - No value specified for parameter 36
2013-11-10 12:16:25,893 [main] INFO  carpool.common.DebugLog - No value specified for parameter 36
2013-11-10 12:16:25,933 [main] INFO  carpool.common.DebugLog - No value specified for parameter 36
2013-11-10 12:16:26,028 [main] INFO  carpool.common.DebugLog - No value specified for parameter 36
2013-11-10 12:16:26,030 [main] INFO  carpool.common.DebugLog - No value specified for parameter 36
2013-11-10 12:16:26,033 [main] INFO  carpool.common.DebugLog - No value specified for parameter 36
2013-11-10 12:16:26,035 [main] INFO  carpool.common.DebugLog - No value specified for parameter 36
2013-11-10 12:16:26,037 [main] INFO  carpool.common.DebugLog - No value specified for parameter 36
2013-11-10 12:16:26,039 [main] INFO  carpool.common.DebugLog - No value specified for parameter 36
2013-11-10 12:16:26,042 [main] INFO  carpool.common.DebugLog - No value specified for parameter 36
2013-11-10 12:16:26,044 [main] INFO  carpool.common.DebugLog - No value specified for parameter 36
2013-11-10 12:16:26,046 [main] INFO  carpool.common.DebugLog - No value specified for parameter 36
2013-11-10 12:16:26,048 [main] INFO  carpool.common.DebugLog - No value specified for parameter 36
2013-11-10 12:17:54,904 [main] INFO  carpool.common.DebugLog - Unknown column 'initUserId' in 'where clause'
2013-11-10 12:56:10,013 [main] INFO  carpool.common.DebugLog - Excuting
2013-11-10 12:56:10,030 [main] INFO  carpool.common.DebugLog - Starting to load location data from file: LocationData.txt
2013-11-10 12:56:10,054 [main] INFO  carpool.common.DebugLog - Location loaded,
2013-11-10 12:56:10,054 [main] INFO  carpool.common.DebugLog - Location loaded succesfully, ending depth: -1
2013-11-10 12:56:10,415 [main] INFO  carpool.common.DebugLog - ready to start
2013-11-10 12:56:10,542 [main] INFO  carpool.common.DebugLog - initiaing router::RoutingService
2013-11-10 12:56:10,647 [Thread-3] INFO  carpool.common.DebugLog - ScheduledClean:: clean scheduled at 4:0:0
2013-11-10 12:56:10,647 [Thread-3] INFO  carpool.common.DebugLog - ScheduledClean thread starting, cleaning at 4:30AM every day
2013-11-10 15:08:11,647 [main] INFO  carpool.common.DebugLog - Excuting
2013-11-10 15:08:11,652 [main] INFO  carpool.common.DebugLog - Starting to load location data from file: LocationData.txt
2013-11-10 15:08:11,672 [main] INFO  carpool.common.DebugLog - Location loaded,
2013-11-10 15:08:11,672 [main] INFO  carpool.common.DebugLog - Location loaded succesfully, ending depth: -1
2013-11-10 15:08:11,799 [main] INFO  carpool.common.DebugLog - ready to start
2013-11-10 15:08:11,841 [main] INFO  carpool.common.DebugLog - initiaing router::RoutingService
2013-11-10 15:08:11,930 [Thread-3] INFO  carpool.common.DebugLog - ScheduledClean:: clean scheduled at 4:0:0
2013-11-10 15:08:11,930 [Thread-3] INFO  carpool.common.DebugLog - ScheduledClean thread starting, cleaning at 4:30AM every day
